<?xml version="1.0" encoding="utf-8"?><testsuite name="Test API" tests="1" failures="0" time="9.88"><testcase classname="" name="Test 1" time="9.88"/></testsuite>
